<?xml version="1.0" encoding="UTF-8"?>
<!-- Generated by org.testng.reporters.JUnitReportReporter -->
<testsuite hostname="LAPTOP-T8I5JFI7" failures="0" tests="1" name="com.amazon.Amazon_Mini_Project.Amazon_SearchProduct" time="30.376" errors="0" timestamp="2024-10-11T12:00:10 IST" skipped="0">
  <testcase classname="com.amazon.Amazon_Mini_Project.Amazon_SearchProduct" name="search_product" time="30.376"/>
  <system-out/>
</testsuite> <!-- com.amazon.Amazon_Mini_Project.Amazon_SearchProduct -->
