<?xml version="1.0" encoding="UTF-8"?>
<!-- Generated by org.testng.reporters.JUnitReportReporter -->
<testsuite hostname="LAPTOP-T8I5JFI7" failures="0" tests="1" name="com.amazon.Amazon_Mini_Project.Amazon_ProductsSort" time="27.399" errors="0" timestamp="2024-10-11T12:00:43 IST" skipped="0">
  <testcase classname="com.amazon.Amazon_Mini_Project.Amazon_ProductsSort" name="products_Sort" time="27.399"/>
  <system-out/>
</testsuite> <!-- com.amazon.Amazon_Mini_Project.Amazon_ProductsSort -->
